1	00:13:17.544	'22882783': ping failed
0	00:13:19.548	'22882783': login on CMCMarkets1-Demo through Datacenter 2 (ping: 297.88 ms)
0	00:13:25.049	'22882783': login datacenter on CMCMarkets1-Demo through Datacenter 2 (ping: 297.88 ms)
0	00:13:25.868	'22882783': previous successful authorization performed from 172.21.36.7
0	00:15:00.701	MQL5.chats: activated for 'BensonThekkel'
1	01:14:18.563	'22882783': ping failed
0	01:14:19.507	'22882783': login on CMCMarkets1-Demo through Datacenter 2 (ping: 297.88 ms)
0	01:14:25.144	'22882783': login datacenter on CMCMarkets1-Demo through Datacenter 2 (ping: 297.88 ms)
0	01:14:26.252	'22882783': previous successful authorization performed from 172.25.36.7
0	01:14:51.407	'22882783': auto connecting to a better access point Datacenter (ping is 296.26 ms)
0	01:14:52.414	'22882783': login on CMCMarkets1-Demo through Datacenter (ping: 296.26 ms)
0	01:14:58.860	'22882783': login datacenter on CMCMarkets1-Demo through Datacenter (ping: 296.26 ms)
0	01:14:59.703	'22882783': previous successful authorization performed from 172.25.36.7
0	01:15:41.691	MQL5.chats: activated for 'BensonThekkel'
1	14:05:47.507	'22882783': ping failed
1	14:05:47.575	'22882783': ping failed
0	14:05:49.599	'22882783': login on CMCMarkets1-Demo through Datacenter 2 (ping: 296.99 ms)
0	14:06:31.276	'22882783': login datacenter on CMCMarkets1-Demo through Datacenter 2 (ping: 296.99 ms)
0	14:06:32.198	'22882783': previous successful authorization performed from 172.21.36.7
0	14:07:06.791	'22882783': ping to current access point Datacenter 2 is 342.12 ms
0	14:07:34.897	MQL5.chats: activated for 'BensonThekkel'
1	14:44:19.571	'22882783': datacenter connecting failed [6]
0	14:44:20.594	'22882783': login on CMCMarkets1-Demo through Datacenter 2 (ping: 342.12 ms)
0	14:44:26.505	'22882783': login datacenter on CMCMarkets1-Demo through Datacenter 2 (ping: 342.12 ms)
0	14:44:27.649	'22882783': previous successful authorization performed from 172.25.36.7
0	14:45:23.320	MQL5.chats: activated for 'BensonThekkel'
0	15:00:51.611	'22882783': login on CMCMarkets1-Demo through Datacenter 2 (ping: 342.12 ms)
0	15:01:21.277	'22882783': login datacenter on CMCMarkets1-Demo through Datacenter 2 (ping: 342.12 ms)
0	15:01:22.136	'22882783': previous successful authorization performed from 172.25.36.7
0	15:51:55.915	'22882783': login on CMCMarkets1-Demo through Datacenter 2 (ping: 342.12 ms)
0	15:52:16.507	'22882783': login datacenter on CMCMarkets1-Demo through Datacenter 2 (ping: 342.12 ms)
0	15:52:17.297	'22882783': previous successful authorization performed from 172.25.36.7
0	15:52:44.495	'22882783': auto connecting to a better access point Datacenter (ping is 295.78 ms)
0	15:52:45.880	'22882783': login on CMCMarkets1-Demo through Datacenter (ping: 295.78 ms)
0	15:53:10.887	'22882783': login datacenter on CMCMarkets1-Demo through Datacenter (ping: 295.78 ms)
0	15:53:11.682	'22882783': previous successful authorization performed from 172.25.36.7
1	15:54:11.259	'22882783': ping failed
1	15:54:11.274	'22882783': datacenter connecting failed [6]
0	15:54:12.311	'22882783': login on CMCMarkets1-Demo through Datacenter 2 (ping: 301.90 ms)
0	15:54:17.512	'22882783': login datacenter on CMCMarkets1-Demo through Datacenter 2 (ping: 301.90 ms)
0	15:54:18.257	'22882783': previous successful authorization performed from 172.21.36.7
1	16:03:31.543	'22882783': ping failed
1	16:03:31.543	'22882783': datacenter connecting failed [6]
0	16:03:47.729	'22882783': login on CMCMarkets1-Demo through Datacenter 2 (ping: 301.90 ms)
0	16:04:02.489	'22882783': login datacenter on CMCMarkets1-Demo through Datacenter 2 (ping: 301.90 ms)
0	16:04:03.240	'22882783': previous successful authorization performed from 172.25.36.7
1	21:10:37.569	'22882783': ping failed
1	21:10:37.634	'22882783': connect failed [No connection]
0	21:11:04.725	'22882783': login on CMCMarkets1-Demo through Datacenter 2 (ping: n/a)
0	21:11:10.532	'22882783': login datacenter on CMCMarkets1-Demo through Datacenter 2 (ping: n/a)
0	21:11:11.308	'22882783': previous successful authorization performed from 172.25.36.7
0	21:11:46.360	'22882783': auto connecting to a better access point Datacenter (ping is 291.82 ms)
0	21:11:47.298	'22882783': login on CMCMarkets1-Demo through Datacenter (ping: 291.82 ms)
0	21:11:53.047	'22882783': login datacenter on CMCMarkets1-Demo through Datacenter (ping: 291.82 ms)
0	21:11:53.841	'22882783': previous successful authorization performed from 172.25.36.7
0	21:12:19.807	MQL5.chats: activated for 'BensonThekkel'
1	21:19:13.685	'22882783': ping failed
1	21:19:13.701	'22882783': datacenter connecting failed [6]
0	21:19:15.548	'22882783': login on CMCMarkets1-Demo through Datacenter 2 (ping: 297.13 ms)
0	21:19:23.691	'22882783': login datacenter on CMCMarkets1-Demo through Datacenter 2 (ping: 297.13 ms)
0	21:19:24.450	'22882783': previous successful authorization performed from 172.21.36.7
1	21:49:59.540	'22882783': connect failed [No connection]
0	21:50:26.719	'22882783': login on CMCMarkets1-Demo through Datacenter 2 (ping: n/a)
0	21:50:36.685	'22882783': login datacenter on CMCMarkets1-Demo through Datacenter 2 (ping: n/a)
0	21:50:37.583	'22882783': previous successful authorization performed from 172.25.36.7
0	21:51:14.621	'22882783': ping to current access point Datacenter 2 is n/a
0	22:00:36.712	'22882783': login on CMCMarkets1-Demo through Datacenter 2 (ping: n/a)
0	22:02:00.500	'22882783': login datacenter on CMCMarkets1-Demo
0	22:02:07.201	'22882783': login on CMCMarkets1-Demo through Datacenter (ping: 303.92 ms)
0	22:02:33.494	'22882783': ping to current access point Datacenter is n/a
0	22:02:42.125	'22882783': login datacenter on CMCMarkets1-Demo through Datacenter (ping: n/a)
0	22:02:43.068	'22882783': previous successful authorization performed from 172.25.36.7
0	22:03:17.492	'22882783': ping to current access point Datacenter is n/a
0	22:21:05.545	'22882783': login on CMCMarkets1-Demo through Datacenter (ping: n/a)
0	22:22:12.554	'22882783': login datacenter on CMCMarkets1-Demo
0	22:22:20.303	'22882783': login on CMCMarkets1-Demo through Datacenter 2 (ping: 320.19 ms)
0	22:22:48.888	'22882783': ping to current access point Datacenter 2 is 325.24 ms
0	22:23:26.127	'22882783': login datacenter on CMCMarkets1-Demo
0	22:23:33.661	'22882783': login on CMCMarkets1-Demo through Datacenter (ping: 323.63 ms)
0	22:24:05.865	'22882783': ping to current access point Datacenter is 436.40 ms
0	22:24:37.049	'22882783': login datacenter on CMCMarkets1-Demo
1	22:24:44.981	'22882783': connect failed [No connection]
0	22:25:23.291	'22882783': login on CMCMarkets1-Demo through Datacenter 2 (ping: n/a)
0	22:26:27.528	'22882783': login datacenter on CMCMarkets1-Demo
0	22:27:13.047	'22882783': auto connecting to a better access point Datacenter (ping is 326.21 ms)
0	22:27:14.162	'22882783': login on CMCMarkets1-Demo through Datacenter (ping: 326.21 ms)
0	22:27:28.441	'22882783': login datacenter on CMCMarkets1-Demo through Datacenter (ping: 326.21 ms)
0	22:27:30.139	'22882783': previous successful authorization performed from 172.25.36.7
